<?xml version="1.0" encoding="UTF-8" ?>
<testsuite errors="0" failures="0" hostname="Matias" name="RobottiTest" skipped="0" tests="5" time="0.088" timestamp="2015-04-01T17:06:04">
  <properties>
    <property name="netbeans.autoupdate.country" value="FI" />
    <property name="javac.test.classpath" value="lib/13.Robotti.jar:build/classes:lib/edu-test-utils-0.4.2.jar:lib/junit-4.10.jar" />
    <property name="libs.junit.javadoc" value="D:\Programs\Java\NetBeans 8.0.2\java\docs\junit-3.8.2-api.zip" />
    <property name="ant.core.lib" value="D:\Programs\Java\NetBeans 8.0.2\extide\ant\lib\ant.jar" />
    <property name="javadoc.windowtitle" value="" />
    <property name="user.dir" value="D:\Programs\Java\Mooc\2015-nodl-ohjelmointi\viikko01-Viikko01_004.RobottiOhjain" />
    <property name="java.vm.version" value="25.40-b25" />
    <property name="libs.MySQLDriver.classpath" value="D:\Programs\Java\NetBeans 8.0.2\ide\modules\ext\mysql-connector-java-5.1.23-bin.jar" />
    <property name="libs.eclipselinkmodelgen.src" value="" />
    <property name="javadoc.notree" value="false" />
    <property name="netbeans.autoupdate.version" value="1.23" />
    <property name="jdk.home" value="D:\Programs\Java\jdk1.8.0_40" />
    <property name="libs.javac-api.src" value="" />
    <property name="javadoc.noindex" value="false" />
    <property name="libs.jpa2-persistence.classpath" value="D:\Programs\Java\NetBeans 8.0.2\java\modules\ext\hibernate4\hibernate-jpa-2.1-api-1.0.0.Final.jar" />
    <property name="sun.os.patch.level" value="" />
    <property name="do.archive+manifest.available" value="true" />
    <property name="java.vm.specification.name" value="Java Virtual Machine Specification" />
    <property name="nb.show.statistics.ui" value="usageStatisticsEnabled" />
    <property name="netbeans.autoupdate.variant" value="" />
    <property name="have.tests" value="true" />
    <property name="org.xml.sax.driver" value="com.sun.org.apache.xerces.internal.jaxp.SAXParserImpl$JAXPSAXParser" />
    <property name="libs.javac-api.javadoc" value="" />
    <property name="os.name" value="Windows 8.1" />
    <property name="libs.beans-binding.classpath" value="D:\Programs\Java\NetBeans 8.0.2\java\modules\ext\beansbinding-1.2.1.jar" />
    <property name="ap.proc.none.internal" value="" />
    <property name="libs.JWSAntTasks.maven-pom" value="" />
    <property name="jnlp.signing.keystore" value="" />
    <property name="libs.testng.src" value="" />
    <property name="java.vendor.url.bug" value="http://bugreport.sun.com/bugreport/" />
    <property name="libs.jaxb.maven-pom" value="" />
    <property name="os.arch" value="amd64" />
    <property name="libs.eclipselink.src" value="" />
    <property name="user.name" value="Matias" />
    <property name="manifest.available+main.class" value="true" />
    <property name="libs.swing-layout.maven-pom" value="" />
    <property name="sun.java.command" value="org.apache.tools.ant.taskdefs.optional.junit.JUnitTestRunner RobottiTest skipNonTests=false filtertrace=true haltOnError=false haltOnFailure=false showoutput=true outputtoformatters=true logfailedtests=true threadid=0 logtestlistenerevents=true formatter=org.apache.tools.ant.taskdefs.optional.junit.BriefJUnitResultFormatter formatter=org.apache.tools.ant.taskdefs.optional.junit.XMLJUnitResultFormatter,D:\Programs\Java\Mooc\2015-nodl-ohjelmointi\viikko01-Viikko01_004.RobottiOhjain\build\test\results\TEST-RobottiTest.xml crashfile=D:\Programs\Java\Mooc\2015-nodl-ohjelmointi\viikko01-Viikko01_004.RobottiOhjain\build\junitvmwatcher128209915874463345.properties propsfile=D:\Programs\Java\Mooc\2015-nodl-ohjelmointi\viikko01-Viikko01_004.RobottiOhjain\build\junit8171050463651667189.properties" />
    <property name="build.classes.dir" value="build/classes" />
    <property name="file.reference.edu-test-utils-0.4.2.jar" value="lib/edu-test-utils-0.4.2.jar" />
    <property name="netbeans.accept_license_class" value="org.netbeans.license.AcceptLicense" />
    <property name="jnlp.descriptor" value="application" />
    <property name="build.sysclasspath" value="ignore" />
    <property name="ap.supported.internal" value="true" />
    <property name="libs.jaxws21.javadoc" value="D:\Programs\Java\NetBeans 8.0.2\java\docs\jaxws-api-doc.zip" />
    <property name="includes" value="**" />
    <property name="user.country" value="FI" />
    <property name="manifest.file" value="manifest.mf" />
    <property name="javadoc.encoding" value="UTF-8" />
    <property name="javac.classpath" value="lib/13.Robotti.jar" />
    <property name="libs.spring-framework400.classpath" value="D:\Programs\Java\NetBeans 8.0.2\ide\modules\org-apache-commons-logging.jar;D:\Programs\Java\NetBeans 8.0.2\java\modules\ext\cglib-2.2.jar;D:\Programs\Java\NetBeans 8.0.2\java\modules\ext\spring-4\spring-aop-4.0.1.RELEASE.jar;D:\Programs\Java\NetBeans 8.0.2\java\modules\ext\spring-4\spring-aspects-4.0.1.RELEASE.jar;D:\Programs\Java\NetBeans 8.0.2\java\modules\ext\spring-4\spring-beans-4.0.1.RELEASE.jar;D:\Programs\Java\NetBeans 8.0.2\java\modules\ext\spring-4\spring-build-src-4.0.1.RELEASE.jar;D:\Programs\Java\NetBeans 8.0.2\java\modules\ext\spring-4\spring-context-4.0.1.RELEASE.jar;D:\Programs\Java\NetBeans 8.0.2\java\modules\ext\spring-4\spring-context-support-4.0.1.RELEASE.jar;D:\Programs\Java\NetBeans 8.0.2\java\modules\ext\spring-4\spring-core-4.0.1.RELEASE.jar;D:\Programs\Java\NetBeans 8.0.2\java\modules\ext\spring-4\spring-expression-4.0.1.RELEASE.jar;D:\Programs\Java\NetBeans 8.0.2\java\modules\ext\spring-4\spring-framework-bom-4.0.1.RELEASE.jar;D:\Programs\Java\NetBeans 8.0.2\java\modules\ext\spring-4\spring-instrument-4.0.1.RELEASE.jar;D:\Programs\Java\NetBeans 8.0.2\java\modules\ext\spring-4\spring-instrument-tomcat-4.0.1.RELEASE.jar;D:\Programs\Java\NetBeans 8.0.2\java\modules\ext\spring-4\spring-jdbc-4.0.1.RELEASE.jar;D:\Programs\Java\NetBeans 8.0.2\java\modules\ext\spring-4\spring-jms-4.0.1.RELEASE.jar;D:\Programs\Java\NetBeans 8.0.2\java\modules\ext\spring-4\spring-messaging-4.0.1.RELEASE.jar;D:\Programs\Java\NetBeans 8.0.2\java\modules\ext\spring-4\spring-orm-4.0.1.RELEASE.jar;D:\Programs\Java\NetBeans 8.0.2\java\modules\ext\spring-4\spring-oxm-4.0.1.RELEASE.jar;D:\Programs\Java\NetBeans 8.0.2\java\modules\ext\spring-4\spring-test-4.0.1.RELEASE.jar;D:\Programs\Java\NetBeans 8.0.2\java\modules\ext\spring-4\spring-tx-4.0.1.RELEASE.jar;D:\Programs\Java\NetBeans 8.0.2\java\modules\ext\spring-4\spring-web-4.0.1.RELEASE.jar;D:\Programs\Java\NetBeans 8.0.2\java\modules\ext\spring-4\spring-webmvc-4.0.1.RELEASE.jar;D:\Programs\Java\NetBeans 8.0.2\java\modules\ext\spring-4\spring-webmvc-portlet-4.0.1.RELEASE.jar;D:\Programs\Java\NetBeans 8.0.2\java\modules\ext\spring-4\spring-websocket-4.0.1.RELEASE.jar" />
    <property name="debug-transport" value="dt_shmem" />
    <property name="netbeans.home" value="D:\Programs\Java\NetBeans 8.0.2\platform" />
    <property name="build.compiler.emacs" value="true" />
    <property name="java.endorsed.dirs" value="D:\Programs\Java\jdk1.8.0_40\jre\lib\endorsed" />
    <property name="netbeans.dynamic.classpath" value="D:\Programs\Java\NetBeans 8.0.2\platform\core\core.jar;D:\Programs\Java\NetBeans 8.0.2\platform\core\org-openide-filesystems.jar;D:\Programs\Java\NetBeans 8.0.2\platform\core\locale\core_ja.jar;D:\Programs\Java\NetBeans 8.0.2\platform\core\locale\core_pt_BR.jar;D:\Programs\Java\NetBeans 8.0.2\platform\core\locale\core_ru.jar;D:\Programs\Java\NetBeans 8.0.2\platform\core\locale\core_zh_CN.jar;D:\Programs\Java\NetBeans 8.0.2\platform\core\locale\org-openide-filesystems_ja.jar;D:\Programs\Java\NetBeans 8.0.2\platform\core\locale\org-openide-filesystems_pt_BR.jar;D:\Programs\Java\NetBeans 8.0.2\platform\core\locale\org-openide-filesystems_ru.jar;D:\Programs\Java\NetBeans 8.0.2\platform\core\locale\org-openide-filesystems_zh_CN.jar;D:\Programs\Java\NetBeans 8.0.2\nb\core\org-netbeans-upgrader.jar;D:\Programs\Java\NetBeans 8.0.2\nb\core\locale\core_nb.jar;D:\Programs\Java\NetBeans 8.0.2\nb\core\locale\core_nb_ja.jar;D:\Programs\Java\NetBeans 8.0.2\nb\core\locale\core_nb_pt_BR.jar;D:\Programs\Java\NetBeans 8.0.2\nb\core\locale\core_nb_ru.jar;D:\Programs\Java\NetBeans 8.0.2\nb\core\locale\core_nb_zh_CN.jar;D:\Programs\Java\NetBeans 8.0.2\nb\core\locale\org-netbeans-upgrader_ja.jar;D:\Programs\Java\NetBeans 8.0.2\nb\core\locale\org-netbeans-upgrader_pt_BR.jar;D:\Programs\Java\NetBeans 8.0.2\nb\core\locale\org-netbeans-upgrader_ru.jar;D:\Programs\Java\NetBeans 8.0.2\nb\core\locale\org-netbeans-upgrader_zh_CN.jar" />
    <property name="jnlp.enabled" value="false" />
    <property name="java.vm.specification.version" value="1.8" />
    <property name="libs.hibernate4-support.src" value="" />
    <property name="netbeans.productversion" value="NetBeans IDE 8.0.2 (Build 201411181905)" />
    <property name="libs.jaxws21.src" value="" />
    <property name="application.title" value="Viikko01_004.RobottiOhjain" />
    <property name="do.archive" value="true" />
    <property name="netbeans.autoupdate.language" value="fi" />
    <property name="java.vendor" value="Oracle Corporation" />
    <property name="jar.index.metainf" value="false" />
    <property name="javac.debug" value="true" />
    <property name="javadoc.splitindex" value="true" />
    <property name="file.separator" value="\" />
    <property name="ant.file.013.NhlOsa1-impl" value="D:\Programs\Java\Mooc\2015-nodl-ohjelmointi\viikko01-Viikko01_004.RobottiOhjain\nbproject\build-impl.xml" />
    <property name="libs.junit_4.maven-pom" value="" />
    <property name="mkdist.disabled" value="false" />
    <property name="javac.test.processorpath" value="lib/13.Robotti.jar:build/classes:lib/edu-test-utils-0.4.2.jar:lib/junit-4.10.jar" />
    <property name="netbeans.buildnumber" value="0.8.8" />
    <property name="libs.JWSAntTasks.javadoc" value="" />
    <property name="build.generated.sources.dir" value="build/generated-sources" />
    <property name="user.variant" value="" />
    <property name="libs.eclipselinkmodelgen.classpath" value="D:\Programs\Java\NetBeans 8.0.2\java\modules\ext\eclipselink\org.eclipse.persistence.jpa.modelgen_2.5.2.v20140319-9ad6abd.jar" />
    <property name="sun.java.launcher" value="SUN_STANDARD" />
    <property name="libs.junit.classpath" value="D:\Programs\Java\NetBeans 8.0.2\java\modules\ext\junit-3.8.2.jar" />
    <property name="libs.hibernate4-persistencemodelgen.javadoc" value="" />
    <property name="libs.jaxb.javadoc" value="D:\Programs\Java\NetBeans 8.0.2\ide\docs\jaxb-api-doc.zip" />
    <property name="org.openide.awt.SwingBrowserImpl.do-not-block-awt" value="false" />
    <property name="ant.home" value="D:\Programs\Java\NetBeans 8.0.2\extide\ant" />
    <property name="libs.junit_4.src" value="D:\Programs\Java\NetBeans 8.0.2\java\docs\junit-4.10-sources.jar" />
    <property name="libs.testng.classpath" value="D:\Programs\Java\NetBeans 8.0.2\platform\modules\ext\testng-6.8.1-dist.jar" />
    <property name="libs.absolutelayout.maven-pom" value="" />
    <property name="ant.java.version" value="1.8" />
    <property name="java.library.path" value="D:\Programs\Java\jdk1.8.0_40\jre\bin;C:\Windows\Sun\Java\bin;C:\Windows\system32;C:\Windows;C:\Program Files (x86)\NVIDIA Corporation\PhysX\Common;C:\ProgramData\Oracle\Java\javapath;C:\Windows\system32;C:\Windows;C:\Windows\System32\Wbem;C:\Windows\System32\WindowsPowerShell\v1.0\;." />
    <property name="javadoc.author" value="false" />
    <property name="manifest.available+main.class-mkdist.available" value="true" />
    <property name="java.util.logging.config.class" value="org.netbeans.core.startup.TopLogging" />
    <property name="libs.spring-framework400.src" value="" />
    <property name="libs.PostgreSQLDriver.src" value="" />
    <property name="file.reference.junit-4.10.jar" value="lib/junit-4.10.jar" />
    <property name="sun.arch.data.model" value="64" />
    <property name="basedir" value="D:\Programs\Java\Mooc\2015-nodl-ohjelmointi\viikko01-Viikko01_004.RobottiOhjain" />
    <property name="libs.jpa20-persistence.maven-pom" value="" />
    <property name="jar.compress" value="false" />
    <property name="path.separator" value=";" />
    <property name="ant.junit.enabletestlistenerevents" value="true" />
    <property name="sun.io.unicode.encoding" value="UnicodeLittle" />
    <property name="libs.jaxws21.classpath" value="D:\Programs\Java\NetBeans 8.0.2\ide\modules\ext\jaxb\jaxb-impl.jar;D:\Programs\Java\NetBeans 8.0.2\ide\modules\ext\jaxb\jaxb-xjc.jar;D:\Programs\Java\NetBeans 8.0.2\java\modules\ext\jaxws22\FastInfoset.jar;D:\Programs\Java\NetBeans 8.0.2\java\modules\ext\jaxws22\gmbal-api-only.jar;D:\Programs\Java\NetBeans 8.0.2\java\modules\ext\jaxws22\ha-api.jar;D:\Programs\Java\NetBeans 8.0.2\java\modules\ext\jaxws22\javax.mail_1.4.jar;D:\Programs\Java\NetBeans 8.0.2\java\modules\ext\jaxws22\jaxws-rt.jar;D:\Programs\Java\NetBeans 8.0.2\java\modules\ext\jaxws22\jaxws-tools.jar;D:\Programs\Java\NetBeans 8.0.2\java\modules\ext\jaxws22\management-api.jar;D:\Programs\Java\NetBeans 8.0.2\java\modules\ext\jaxws22\mimepull.jar;D:\Programs\Java\NetBeans 8.0.2\java\modules\ext\jaxws22\policy.jar;D:\Programs\Java\NetBeans 8.0.2\java\modules\ext\jaxws22\saaj-impl.jar;D:\Programs\Java\NetBeans 8.0.2\java\modules\ext\jaxws22\stax-ex.jar;D:\Programs\Java\NetBeans 8.0.2\java\modules\ext\jaxws22\stax2-api.jar;D:\Programs\Java\NetBeans 8.0.2\java\modules\ext\jaxws22\streambuffer.jar;D:\Programs\Java\NetBeans 8.0.2\java\modules\ext\jaxws22\woodstox-core-asl.jar;D:\Programs\Java\NetBeans 8.0.2\java\modules\ext\jaxws22\api\jaxws-api.jar;D:\Programs\Java\NetBeans 8.0.2\java\modules\ext\jaxws22\api\jsr181-api.jar;D:\Programs\Java\NetBeans 8.0.2\java\modules\ext\jaxws22\api\javax.annotation.jar;D:\Programs\Java\NetBeans 8.0.2\java\modules\ext\jaxws22\api\saaj-api.jar;D:\Programs\Java\NetBeans 8.0.2\ide\modules\ext\jaxb\activation.jar;D:\Programs\Java\NetBeans 8.0.2\ide\modules\ext\jaxb\api\jaxb-api.jar;D:\Programs\Java\NetBeans 8.0.2\ide\modules\ext\jaxb\api\jsr173_1.0_api.jar" />
    <property name="apple.awt.graphics.UseQuartz" value="true" />
    <property name="user.language" value="fi" />
    <property name="libs.JAXB-ENDORSED.maven-pom" value="" />
    <property name="libs.eclipselink.maven-pom" value="" />
    <property name="application.vendor" value="" />
    <property name="manifest.available" value="true" />
    <property name="libs.spring-framework300.maven-pom" value="" />
    <property name="run.test.classpath" value="lib/13.Robotti.jar:build/classes:lib/edu-test-utils-0.4.2.jar:lib/junit-4.10.jar:build/test/classes" />
    <property name="ant.project.invoked-targets" value="test" />
    <property name="libs.swing-layout.javadoc" value="D:\Programs\Java\NetBeans 8.0.2\platform\docs\swing-layout-1.0.4-doc.zip" />
    <property name="sun.java2d.dpiaware" value="true" />
    <property name="libs.hibernate4-persistence.maven-pom" value="" />
    <property name="https.nonProxyHosts" value="localhost|127.0.0.1|Matias" />
    <property name="libs.PostgreSQLDriver.maven-pom" value="" />
    <property name="java.class.version" value="52.0" />
    <property name="libs.hibernate4-persistencemodelgen.maven-pom" value="" />
    <property name="libs.eclipselink.javadoc" value="D:\Programs\Java\NetBeans 8.0.2\java\modules\ext\docs\javax.persistence-2.1.0-doc.zip" />
    <property name="user.properties.file" value="C:\Users\Matias\AppData\Roaming\NetBeans\8.0.2\build.properties" />
    <property name="runtime.encoding" value="UTF-8" />
    <property name="libs.javac-api.maven-pom" value="" />
    <property name="file.encoding.pkg" value="sun.io" />
    <property name="sun.cpu.endian" value="little" />
    <property name="libs.JAXB-ENDORSED.javadoc" value="" />
    <property name="libs.JWSAntTasks.classpath" value="D:\Programs\Java\NetBeans 8.0.2\java\ant\extra\org-netbeans-modules-javawebstart-anttasks.jar" />
    <property name="libs.spring-framework300.src" value="" />
    <property name="empty.dir" value="D:\Programs\Java\Mooc\2015-nodl-ohjelmointi\viikko01-Viikko01_004.RobottiOhjain\build\empty" />
    <property name="version-output" value="java version &quot;1.8" />
    <property name="libs.hibernate4-persistencemodelgen.src" value="" />
    <property name="javadoc.preview" value="true" />
    <property name="libs.jpa20-persistence.javadoc" value="D:\Programs\Java\NetBeans 8.0.2\java\modules\ext\docs\javax.persistence-2.1.0-doc.zip" />
    <property name="java.home" value="D:\Programs\Java\jdk1.8.0_40\jre" />
    <property name="debug.test.classpath" value="lib/13.Robotti.jar:build/classes:lib/edu-test-utils-0.4.2.jar:lib/junit-4.10.jar:build/test/classes" />
    <property name="netbeans.importclass" value="org.netbeans.upgrade.AutoUpgrade" />
    <property name="ant.project.default-target" value="default" />
    <property name="annotation.processing.run.all.processors" value="true" />
    <property name="jar.archive.disabled" value="false" />
    <property name="jnlp.signing.alias" value="" />
    <property name="libs.PostgreSQLDriver.javadoc" value="" />
    <property name="libs.MySQLDriver.maven-pom" value="" />
    <property name="libs.hibernate4-persistence.javadoc" value="D:\Programs\Java\NetBeans 8.0.2\java\modules\ext\docs\javax.persistence-2.1.0-doc.zip" />
    <property name="http.nonProxyHosts" value="localhost|127.0.0.1|Matias" />
    <property name="libs.junit_4.javadoc" value="D:\Programs\Java\NetBeans 8.0.2\java\docs\junit-4.10-javadoc.jar" />
    <property name="run.classpath" value="lib/13.Robotti.jar:build/classes" />
    <property name="jna.boot.library.name" value="jnidispatch-410" />
    <property name="sun.awt.datatransfer.timeout" value="1000" />
    <property name="libs.jpa2-persistence.maven-pom" value="" />
    <property name="annotation.processing.enabled.in.editor" value="false" />
    <property name="libs.hibernate4-support.classpath" value="D:\Programs\Java\NetBeans 8.0.2\java\modules\ext\hibernate4\antlr-2.7.7.jar;D:\Programs\Java\NetBeans 8.0.2\java\modules\ext\hibernate4\c3p0-0.9.2.1.jar;D:\Programs\Java\NetBeans 8.0.2\java\modules\ext\hibernate4\hibernate-c3p0-4.3.1.Final.jar;D:\Programs\Java\NetBeans 8.0.2\java\modules\ext\hibernate4\mchange-commons-java-0.2.3.4.jar;D:\Programs\Java\NetBeans 8.0.2\java\modules\ext\hibernate4\dom4j-1.6.1.jar;D:\Programs\Java\NetBeans 8.0.2\java\modules\ext\hibernate4\ehcache-core-2.4.3.jar;D:\Programs\Java\NetBeans 8.0.2\java\modules\ext\hibernate4\hibernate-ehcache-4.3.1.Final.jar;D:\Programs\Java\NetBeans 8.0.2\java\modules\ext\hibernate4\hibernate-core-4.3.1.Final.jar;D:\Programs\Java\NetBeans 8.0.2\java\modules\ext\hibernate4\jboss-logging-3.1.3.GA.jar;D:\Programs\Java\NetBeans 8.0.2\java\modules\ext\hibernate4\hibernate-commons-annotations-4.0.4.Final.jar;D:\Programs\Java\NetBeans 8.0.2\java\modules\ext\hibernate4\hibernate-entitymanager-4.3.1.Final.jar;D:\Programs\Java\NetBeans 8.0.2\java\modules\ext\hibernate4\javassist-3.18.1-GA.jar;D:\Programs\Java\NetBeans 8.0.2\java\modules\ext\hibernate4\jboss-transaction-api_1.2_spec-1.0.0.Final.jar;D:\Programs\Java\NetBeans 8.0.2\java\modules\ext\hibernate4\slf4j-api-1.6.1.jar;D:\Programs\Java\NetBeans 8.0.2\java\modules\ext\hibernate4\slf4j-simple-1.6.1.jar" />
    <property name="nb.native.filechooser" value="false" />
    <property name="sun.management.compiler" value="HotSpot 64-Bit Tiered Compilers" />
    <property name="javac.deprecation" value="false" />
    <property name="javadoc.use" value="true" />
    <property name="sun.java2d.noddraw" value="true" />
    <property name="javac.processorpath" value="lib/13.Robotti.jar" />
    <property name="javac.compilerargs" value="" />
    <property name="ant.file" value="D:\Programs\Java\Mooc\2015-nodl-ohjelmointi\viikko01-Viikko01_004.RobottiOhjain\build.xml" />
    <property name="libs.beans-binding.maven-pom" value="" />
    <property name="jnlp.codebase.type" value="no.codebase" />
    <property name="libs.hibernate4-support.javadoc" value="D:\Programs\Java\NetBeans 8.0.2\java\modules\ext\docs\javax.persistence-2.1.0-doc.zip" />
    <property name="libs.beans-binding.src" value="" />
    <property name="java.vm.specification.vendor" value="Oracle Corporation" />
    <property name="libs.swing-layout.src" value="D:\Programs\Java\NetBeans 8.0.2\platform\docs\swing-layout-1.0.4-src.zip" />
    <property name="org.openide.major.version" value="IDE/1" />
    <property name="java.vm.name" value="Java HotSpot(TM) 64-Bit Server VM" />
    <property name="netbeans.user" value="C:\Users\Matias\AppData\Roaming\NetBeans\8.0.2" />
    <property name="javadoc.additionalparam" value="" />
    <property name="jnlp.offline-allowed" value="false" />
    <property name="java.io.tmpdir" value="C:\Users\Matias\AppData\Local\Temp\" />
    <property name="java.vendor.url" value="http://java.oracle.com/" />
    <property name="endorsed.classpath.cmd.line.arg" value="" />
    <property name="org.openide.awt.ActionReference.completion" value="org.netbeans.modules.apisupport.project.layers.PathCompletions" />
    <property name="sun.boot.library.path" value="D:\Programs\Java\jdk1.8.0_40\jre\bin" />
    <property name="have.sources" value="true" />
    <property name="debug.classpath" value="lib/13.Robotti.jar:build/classes" />
    <property name="javadoc.private" value="false" />
    <property name="test.src.dir" value="test" />
    <property name="ap.processors.internal" value="" />
    <property name="ant.file.RobottiOhjain" value="D:\Programs\Java\Mooc\2015-nodl-ohjelmointi\viikko01-Viikko01_004.RobottiOhjain\build.xml" />
    <property name="meta.inf.dir" value="src/META-INF" />
    <property name="javadoc.encoding.used" value="UTF-8" />
    <property name="dist.jar" value="dist/Viikko01_004.RobottiOhjain.jar" />
    <property name="libs.spring-framework400.maven-pom" value="" />
    <property name="java.runtime.name" value="Java(TM) SE Runtime Environment" />
    <property name="ant.project.name" value="RobottiOhjain" />
    <property name="netbeans.hash.code" value="unique=NBJDK_EXTIDE_JAVA_JDK00cc686f6-7f74-4fe8-b689-591d0d64c559_11bc8fa0-eabf-4d2a-ad6e-55c30ee33d1b" />
    <property name="netbeans.default_userdir_root" value="C:\Users\Matias\AppData\Roaming\NetBeans" />
    <property name="manifest.available-mkdist.available" value="true" />
    <property name="sun.cpu.isalist" value="amd64" />
    <property name="libs.spring-framework400.javadoc" value="" />
    <property name="libs.CopyLibs.javadoc" value="" />
    <property name="org.openide.specification.version" value="6.2" />
    <property name="user.home" value="C:\Users\Matias" />
    <property name="annotation.processing.processors.list" value="" />
    <property name="debug-args-line" value="-Xdebug" />
    <property name="libs.JWSAntTasks.src" value="" />
    <property name="jar.index" value="false" />
    <property name="libs.CopyLibs.maven-pom" value="" />
    <property name="libs.spring-framework300.javadoc" value="" />
    <property name="libs.absolutelayout.javadoc" value="" />
    <property name="java.specification.name" value="Java Platform API Specification" />
    <property name="do.archive+main.class.available" value="true" />
    <property name="jnlp.mixed.code" value="default" />
    <property name="java.specification.vendor" value="Oracle Corporation" />
    <property name="libs.javac-api.classpath" value="D:\Programs\Java\NetBeans 8.0.2\java\modules\ext\nb-javac-api.jar" />
    <property name="java.version" value="1.8.0_40" />
    <property name="javadoc.version" value="false" />
    <property name="libs.MySQLDriver.javadoc" value="" />
    <property name="org.openide.version" value="deprecated" />
    <property name="source.encoding" value="UTF-8" />
    <property name="ap.cmd.line.internal" value="" />
    <property name="libs.eclipselinkmodelgen.maven-pom" value="" />
    <property name="libs.junit.maven-pom" value="" />
    <property name="libs.eclipselinkmodelgen.javadoc" value="" />
    <property name="netbeans.home+have.tests" value="true" />
    <property name="annotation.processing.processor.options" value="" />
    <property name="libs.testng.maven-pom" value="" />
    <property name="libs.jaxb.src" value="" />
    <property name="work.dir" value="D:\Programs\Java\Mooc\2015-nodl-ohjelmointi\viikko01-Viikko01_004.RobottiOhjain" />
    <property name="libs.jaxb.classpath" value="D:\Programs\Java\NetBeans 8.0.2\ide\modules\ext\jaxb\jaxb-impl.jar;D:\Programs\Java\NetBeans 8.0.2\ide\modules\ext\jaxb\jaxb-xjc.jar;D:\Programs\Java\NetBeans 8.0.2\ide\modules\ext\jaxb\jaxb1-impl.jar;D:\Programs\Java\NetBeans 8.0.2\ide\modules\ext\jaxb\activation.jar;D:\Programs\Java\NetBeans 8.0.2\ide\modules\ext\jaxb\api\jaxb-api.jar;D:\Programs\Java\NetBeans 8.0.2\ide\modules\ext\jaxb\api\jsr173_1.0_api.jar" />
    <property name="do.depend" value="false" />
    <property name="dist.javadoc.dir" value="dist/javadoc" />
    <property name="libs.swing-layout.classpath" value="D:\Programs\Java\NetBeans 8.0.2\platform\modules\ext\swing-layout-1.0.4.jar" />
    <property name="build.generated.dir" value="build/generated" />
    <property name="javac.source" value="1.8" />
    <property name="line.separator" value="&#xd;&#xa;" />
    <property name="java.specification.version" value="1.8" />
    <property name="libs.jaxws21.maven-pom" value="" />
    <property name="java.vm.info" value="mixed mode" />
    <property name="junit.forkmode" value="perTest" />
    <property name="ant.file.type.013.NhlOsa1-impl" value="file" />
    <property name="sun.boot.class.path" value="D:\Programs\Java\jdk1.8.0_40\jre\lib\resources.jar;D:\Programs\Java\jdk1.8.0_40\jre\lib\rt.jar;D:\Programs\Java\jdk1.8.0_40\jre\lib\sunrsasign.jar;D:\Programs\Java\jdk1.8.0_40\jre\lib\jsse.jar;D:\Programs\Java\jdk1.8.0_40\jre\lib\jce.jar;D:\Programs\Java\jdk1.8.0_40\jre\lib\charsets.jar;D:\Programs\Java\jdk1.8.0_40\jre\lib\jfr.jar;D:\Programs\Java\jdk1.8.0_40\jre\classes" />
    <property name="javac.target" value="1.8" />
    <property name="built-jar.properties" value="D:\Programs\Java\Mooc\2015-nodl-ohjelmointi\viikko01-Viikko01_004.RobottiOhjain\build\built-jar.properties" />
    <property name="build.test.classes.dir" value="build/test/classes" />
    <property name="src.dir" value="src" />
    <property name="annotation.processing.enabled" value="true" />
    <property name="libs.jpa2-persistence.src" value="" />
    <property name="sun.awt.keepWorkingSetOnMinimize" value="true" />
    <property name="libs.jpa20-persistence.src" value="" />
    <property name="ignore.failing.tests" value="true" />
    <property name="dist.dir" value="dist" />
    <property name="do.archive+manifest.available+main.class" value="true" />
    <property name="ant.file.type.RobottiOhjain" value="file" />
    <property name="javac.fork" value="false" />
    <property name="java.awt.printerjob" value="sun.awt.windows.WPrinterJob" />
    <property name="default.javac.source" value="1.8" />
    <property name="debug-transport-by-os" value="dt_shmem" />
    <property name="libs.MySQLDriver.src" value="" />
    <property name="sun.jnu.encoding" value="Cp1252" />
    <property name="java.runtime.version" value="1.8.0_40-b26" />
    <property name="build.test.results.dir" value="build/test/results" />
    <property name="manifest.available+main.class+mkdist.available" value="true" />
    <property name="default.javac.target" value="1.8" />
    <property name="libs.junit_4.classpath" value="D:\Programs\Java\NetBeans 8.0.2\platform\modules\ext\junit-4.10.jar" />
    <property name="user.timezone" value="Europe/Helsinki" />
    <property name="netbeans.dirs" value="D:\Programs\Java\NetBeans 8.0.2\nb;D:\Programs\Java\NetBeans 8.0.2\ergonomics;D:\Programs\Java\NetBeans 8.0.2\ide;D:\Programs\Java\NetBeans 8.0.2\extide;D:\Programs\Java\NetBeans 8.0.2\java;D:\Programs\Java\NetBeans 8.0.2\apisupport;D:\Programs\Java\NetBeans 8.0.2\webcommon;D:\Programs\Java\NetBeans 8.0.2\websvccommon;D:\Programs\Java\NetBeans 8.0.2\enterprise;D:\Programs\Java\NetBeans 8.0.2\mobility;D:\Programs\Java\NetBeans 8.0.2\profiler;D:\Programs\Java\NetBeans 8.0.2\python;D:\Programs\Java\NetBeans 8.0.2\php;D:\Programs\Java\NetBeans 8.0.2\identity;D:\Programs\Java\NetBeans 8.0.2\harness;D:\Programs\Java\NetBeans 8.0.2\cnd;D:\Programs\Java\NetBeans 8.0.2\dlight;D:\Programs\Java\NetBeans 8.0.2\groovy;D:\Programs\Java\NetBeans 8.0.2\extra;D:\Programs\Java\NetBeans 8.0.2\javacard;D:\Programs\Java\NetBeans 8.0.2\javafx;D:\Programs\Java\NetBeans 8.0.2\tmcbeans" />
    <property name="java.ext.dirs" value="D:\Programs\Java\jdk1.8.0_40\jre\lib\ext;C:\Windows\Sun\Java\lib\ext" />
    <property name="endorsed.classpath" value="" />
    <property name="libs.absolutelayout.classpath" value="D:\Programs\Java\NetBeans 8.0.2\java\modules\ext\AbsoluteLayout.jar" />
    <property name="excludes" value="" />
    <property name="libs.jpa2-persistence.javadoc" value="D:\Programs\Java\NetBeans 8.0.2\java\modules\ext\docs\javax.persistence-2.1.0-doc.zip" />
    <property name="java.class.path" value="D:\Programs\Java\Mooc\2015-nodl-ohjelmointi\viikko01-Viikko01_004.RobottiOhjain\lib\13.Robotti.jar;D:\Programs\Java\Mooc\2015-nodl-ohjelmointi\viikko01-Viikko01_004.RobottiOhjain\build\classes;D:\Programs\Java\Mooc\2015-nodl-ohjelmointi\viikko01-Viikko01_004.RobottiOhjain\lib\edu-test-utils-0.4.2.jar;D:\Programs\Java\Mooc\2015-nodl-ohjelmointi\viikko01-Viikko01_004.RobottiOhjain\lib\junit-4.10.jar;D:\Programs\Java\Mooc\2015-nodl-ohjelmointi\viikko01-Viikko01_004.RobottiOhjain\build\test\classes;D:\Programs\Java\NetBeans 8.0.2\extide\ant\lib\ant-launcher.jar;D:\Programs\Java\NetBeans 8.0.2\extide\ant\lib\ant.jar;D:\Programs\Java\NetBeans 8.0.2\extide\ant\lib\ant-junit.jar;D:\Programs\Java\NetBeans 8.0.2\extide\ant\lib\ant-junit4.jar" />
    <property name="apple.laf.useScreenMenuBar" value="true" />
    <property name="do.mkdist" value="true" />
    <property name="libs.absolutelayout.src" value="" />
    <property name="libs.jpa20-persistence.classpath" value="D:\Programs\Java\NetBeans 8.0.2\java\modules\ext\eclipselink\javax.persistence_2.1.0.v201304241213.jar" />
    <property name="os.version" value="6.3" />
    <property name="application.args" value="" />
    <property name="sun.awt.enableExtraMouseButtons" value="true" />
    <property name="main.class.available" value="true" />
    <property name="sun.desktop" value="windows" />
    <property name="libs.hibernate4-persistence.src" value="" />
    <property name="libs.hibernate4-support.maven-pom" value="" />
    <property name="nb.internal.action.name" value="test" />
    <property name="libs.JAXB-ENDORSED.classpath" value="D:\Programs\Java\NetBeans 8.0.2\ide\modules\ext\jaxb\api\jaxb-api.jar" />
    <property name="libs.eclipselink.classpath" value="D:\Programs\Java\NetBeans 8.0.2\java\modules\ext\eclipselink\eclipselink.jar;D:\Programs\Java\NetBeans 8.0.2\java\modules\ext\eclipselink\javax.persistence_2.1.0.v201304241213.jar;D:\Programs\Java\NetBeans 8.0.2\java\modules\ext\eclipselink\org.eclipse.persistence.jpa.jpql_2.5.2.v20140319-9ad6abd.jar" />
    <property name="java.awt.graphicsenv" value="sun.awt.Win32GraphicsEnvironment" />
    <property name="libs.beans-binding.javadoc" value="D:\Programs\Java\NetBeans 8.0.2\java\docs\beansbinding-1.2.1-doc.zip" />
    <property name="java.vm.vendor" value="Oracle Corporation" />
    <property name="libs.CopyLibs.classpath" value="D:\Programs\Java\NetBeans 8.0.2\java\ant\extra\org-netbeans-modules-java-j2seproject-copylibstask.jar" />
    <property name="libs.spring-framework300.classpath" value="D:\Programs\Java\NetBeans 8.0.2\ide\modules\org-apache-commons-logging.jar;D:\Programs\Java\NetBeans 8.0.2\java\modules\ext\cglib-2.2.jar;D:\Programs\Java\NetBeans 8.0.2\java\modules\ext\spring-3.0\spring-aop-3.2.7.RELEASE.jar;D:\Programs\Java\NetBeans 8.0.2\java\modules\ext\spring-3.0\spring-aspects-3.2.7.RELEASE.jar;D:\Programs\Java\NetBeans 8.0.2\java\modules\ext\spring-3.0\spring-beans-3.2.7.RELEASE.jar;D:\Programs\Java\NetBeans 8.0.2\java\modules\ext\spring-3.0\spring-build-src-3.2.7.RELEASE.jar;D:\Programs\Java\NetBeans 8.0.2\java\modules\ext\spring-3.0\spring-context-3.2.7.RELEASE.jar;D:\Programs\Java\NetBeans 8.0.2\java\modules\ext\spring-3.0\spring-context-support-3.2.7.RELEASE.jar;D:\Programs\Java\NetBeans 8.0.2\java\modules\ext\spring-3.0\spring-core-3.2.7.RELEASE.jar;D:\Programs\Java\NetBeans 8.0.2\java\modules\ext\spring-3.0\spring-expression-3.2.7.RELEASE.jar;D:\Programs\Java\NetBeans 8.0.2\java\modules\ext\spring-3.0\spring-framework-bom-3.2.7.RELEASE.jar;D:\Programs\Java\NetBeans 8.0.2\java\modules\ext\spring-3.0\spring-instrument-3.2.7.RELEASE.jar;D:\Programs\Java\NetBeans 8.0.2\java\modules\ext\spring-3.0\spring-instrument-tomcat-3.2.7.RELEASE.jar;D:\Programs\Java\NetBeans 8.0.2\java\modules\ext\spring-3.0\spring-jdbc-3.2.7.RELEASE.jar;D:\Programs\Java\NetBeans 8.0.2\java\modules\ext\spring-3.0\spring-jms-3.2.7.RELEASE.jar;D:\Programs\Java\NetBeans 8.0.2\java\modules\ext\spring-3.0\spring-orm-3.2.7.RELEASE.jar;D:\Programs\Java\NetBeans 8.0.2\java\modules\ext\spring-3.0\spring-oxm-3.2.7.RELEASE.jar;D:\Programs\Java\NetBeans 8.0.2\java\modules\ext\spring-3.0\spring-struts-3.2.7.RELEASE.jar;D:\Programs\Java\NetBeans 8.0.2\java\modules\ext\spring-3.0\spring-test-3.2.7.RELEASE.jar;D:\Programs\Java\NetBeans 8.0.2\java\modules\ext\spring-3.0\spring-tx-3.2.7.RELEASE.jar;D:\Programs\Java\NetBeans 8.0.2\java\modules\ext\spring-3.0\spring-web-3.2.7.RELEASE.jar;D:\Programs\Java\NetBeans 8.0.2\java\modules\ext\spring-3.0\spring-webmvc-3.2.7.RELEASE.jar;D:\Programs\Java\NetBeans 8.0.2\java\modules\ext\spring-3.0\spring-webmvc-portlet-3.2.7.RELEASE.jar" />
    <property name="run.jvmargs" value="" />
    <property name="libs.hibernate4-persistence.classpath" value="D:\Programs\Java\NetBeans 8.0.2\java\modules\ext\hibernate4\antlr-2.7.7.jar;D:\Programs\Java\NetBeans 8.0.2\java\modules\ext\hibernate4\c3p0-0.9.2.1.jar;D:\Programs\Java\NetBeans 8.0.2\java\modules\ext\hibernate4\hibernate-c3p0-4.3.1.Final.jar;D:\Programs\Java\NetBeans 8.0.2\java\modules\ext\hibernate4\mchange-commons-java-0.2.3.4.jar;D:\Programs\Java\NetBeans 8.0.2\java\modules\ext\hibernate4\dom4j-1.6.1.jar;D:\Programs\Java\NetBeans 8.0.2\java\modules\ext\hibernate4\ehcache-core-2.4.3.jar;D:\Programs\Java\NetBeans 8.0.2\java\modules\ext\hibernate4\hibernate-ehcache-4.3.1.Final.jar;D:\Programs\Java\NetBeans 8.0.2\java\modules\ext\hibernate4\hibernate-core-4.3.1.Final.jar;D:\Programs\Java\NetBeans 8.0.2\java\modules\ext\hibernate4\jboss-logging-3.1.3.GA.jar;D:\Programs\Java\NetBeans 8.0.2\java\modules\ext\hibernate4\hibernate-commons-annotations-4.0.4.Final.jar;D:\Programs\Java\NetBeans 8.0.2\java\modules\ext\hibernate4\hibernate-entitymanager-4.3.1.Final.jar;D:\Programs\Java\NetBeans 8.0.2\java\modules\ext\hibernate4\javassist-3.18.1-GA.jar;D:\Programs\Java\NetBeans 8.0.2\java\modules\ext\hibernate4\jboss-transaction-api_1.2_spec-1.0.0.Final.jar;D:\Programs\Java\NetBeans 8.0.2\java\modules\ext\hibernate4\slf4j-api-1.6.1.jar;D:\Programs\Java\NetBeans 8.0.2\java\modules\ext\hibernate4\slf4j-simple-1.6.1.jar;D:\Programs\Java\NetBeans 8.0.2\java\modules\ext\hibernate4\hibernate-jpa-2.1-api-1.0.0.Final.jar" />
    <property name="libs.JAXB-ENDORSED.src" value="" />
    <property name="libs.testng.javadoc" value="D:\Programs\Java\NetBeans 8.0.2\platform\docs\testng-6.8.1-javadoc.zip" />
    <property name="libs.PostgreSQLDriver.classpath" value="D:\Programs\Java\NetBeans 8.0.2\ide\modules\ext\postgresql-9.2-1002.jdbc4.jar" />
    <property name="user.script" value="" />
    <property name="jnlp.signing" value="" />
    <property name="libs.hibernate4-persistencemodelgen.classpath" value="D:\Programs\Java\NetBeans 8.0.2\java\modules\ext\hibernate4\hibernate-jpamodelgen-4.3.1.Final.jar" />
    <property name="libs.junit.src" value="" />
    <property name="annotation.processing.source.output" value="build/generated-sources/ap-source-output" />
    <property name="jnlp.signed" value="false" />
    <property name="main.class" value="Paaohjelma" />
    <property name="libs.CopyLibs.src" value="" />
    <property name="build.dir" value="build" />
    <property name="file.reference.13.Robotti.jar" value="lib/13.Robotti.jar" />
    <property name="ant.version" value="Apache Ant(TM) version 1.9.4 compiled on April 29 2014" />
    <property name="file.encoding" value="Cp1252" />
    <property name="build.classes.excludes" value="**/*.java,**/*.form" />
    <property name="jdkBug6558476" value="false" />
    <property name="javadoc.nonavbar" value="false" />
    <property name="platform.active" value="default_platform" />
    <property name="awt.toolkit" value="sun.awt.windows.WToolkit" />
  </properties>
  <testcase classname="RobottiTest" name="ohjainKaynnistetaanAlussaJaSammutetaanLopussa" time="0.017" />
  <testcase classname="RobottiTest" name="piirretaanIsoSuorakulmio" time="0.002" />
  <testcase classname="RobottiTest" name="piirretaanVainSuorakulmiot" time="0.004" />
  <testcase classname="RobottiTest" name="piirretaanPieniSuorakulmio" time="0.001" />
  <testcase classname="RobottiTest" name="lopetetaanVasempaanYlakulmaan" time="0.002" />
  <system-out><![CDATA[]]></system-out>
  <system-err><![CDATA[]]></system-err>
</testsuite>
